[INFO] Scanning for projects...
[INFO] 
[INFO] -----------------------< com.example:ai-devops >------------------------
[INFO] Building AI DevOps Demo 1.0-SNAPSHOT
[INFO]   from pom.xml
[INFO] --------------------------------[ jar ]---------------------------------
[INFO] 
[INFO] --- clean:3.2.0:clean (default-clean) @ ai-devops ---
[INFO] Deleting /var/jenkins_home/workspace/AI-DevOps-Pipeline/ai-devops-project/ai-devops-maven/target
[INFO] 
[INFO] --- resources:3.4.0:resources (default-resources) @ ai-devops ---
[WARNING] Using platform encoding (UTF-8 actually) to copy filtered resources, i.e. build is platform dependent!
[INFO] skip non existing resourceDirectory /var/jenkins_home/workspace/AI-DevOps-Pipeline/ai-devops-project/ai-devops-maven/src/main/resources
[INFO] 
[INFO] --- compiler:3.15.0:compile (default-compile) @ ai-devops ---
[INFO] Recompiling the module because of changed source code.
[WARNING] File encoding has not been set, using platform encoding UTF-8, i.e. build is platform dependent!
[INFO] Compiling 3 source files with javac [debug target 1.8] to target/classes
[INFO] -------------------------------------------------------------
[WARNING] COMPILATION WARNING : 
[INFO] -------------------------------------------------------------
[WARNING] bootstrap class path not set in conjunction with -source 8
[WARNING] source value 8 is obsolete and will be removed in a future release
[WARNING] target value 8 is obsolete and will be removed in a future release
[WARNING] To suppress warnings about obsolete options, use -Xlint:-options.
[INFO] 4 warnings 
[INFO] -------------------------------------------------------------
[INFO] -------------------------------------------------------------
[ERROR] COMPILATION ERROR : 
[INFO] -------------------------------------------------------------
[ERROR] /var/jenkins_home/workspace/AI-DevOps-Pipeline/ai-devops-project/ai-devops-maven/src/main/java/com/example/Test.java:[6,36] ';' expected
[ERROR] /var/jenkins_home/workspace/AI-DevOps-Pipeline/ai-devops-project/ai-devops-maven/src/main/java/com/example/Test.java:[8,17] illegal start of expression
[INFO] 2 errors 
[INFO] -------------------------------------------------------------
[INFO] ------------------------------------------------------------------------
[INFO] BUILD FAILURE
[INFO] ------------------------------------------------------------------------
[INFO] Total time:  1.162 s
[INFO] Finished at: 2026-04-11T19:35:35Z
[INFO] ------------------------------------------------------------------------
[ERROR] Failed to execute goal org.apache.maven.plugins:maven-compiler-plugin:3.15.0:compile (default-compile) on project ai-devops: Compilation failure: Compilation failure: 
[ERROR] /var/jenkins_home/workspace/AI-DevOps-Pipeline/ai-devops-project/ai-devops-maven/src/main/java/com/example/Test.java:[6,36] ';' expected
[ERROR] /var/jenkins_home/workspace/AI-DevOps-Pipeline/ai-devops-project/ai-devops-maven/src/main/java/com/example/Test.java:[8,17] illegal start of expression
[ERROR] -> [Help 1]
[ERROR] 
[ERROR] To see the full stack trace of the errors, re-run Maven with the -e switch.
[ERROR] Re-run Maven using the -X switch to enable full debug logging.
[ERROR] 
[ERROR] For more information about the errors and possible solutions, please read the following articles:
[ERROR] [Help 1] http://cwiki.apache.org/confluence/display/MAVEN/MojoFailureException
